2023-12-01T17:21:26+00:00 CRITICAL Maximum execution time of 120 seconds exceeded in C:\xampp\htdocs\wp-includes\Requests\src\Transport\Curl.php on line 510

2023-12-01T17:35:56+00:00 CRITICAL Uncaught ArgumentCountError: 3 arguments are required, 2 given in C:\xampp\htdocs\wp-admin\includes\class-bulk-upgrader-skin.php:162
Stack trace:
#0 C:\xampp\htdocs\wp-admin\includes\class-bulk-upgrader-skin.php(162): sprintf('%1$s installed ...', 'Contact Form 7')
#1 C:\xampp\htdocs\wp-content\themes\flatsome\inc\classes\class-tgm-plugin-activation.php(3638): Bulk_Upgrader_Skin->after('Contact Form 7')
#2 C:\xampp\htdocs\wp-admin\includes\class-wp-upgrader.php(921): TGMPA_Bulk_Installer_Skin->after()
#3 C:\xampp\htdocs\wp-content\themes\flatsome\inc\classes\class-tgm-plugin-activation.php(3258): WP_Upgrader->run(Array)
#4 C:\xampp\htdocs\wp-content\themes\flatsome\inc\classes\class-tgm-plugin-activation.php(3363): TGMPA_Bulk_Installer->run(Array)
#5 C:\xampp\htdocs\wp-content\themes\flatsome\inc\classes\class-tgm-plugin-activation.php(2977): TGMPA_Bulk_Installer->bulk_install(Array)
#6 C:\xampp\htdocs\wp-content\themes\flatsome\inc\classes\class-tgm-plugin-activation.php(743): TGMPA_List_Table->process_bulk_actions()
#7 C:\xampp\htdocs\wp-includes\class-wp-hook.php(324): TGM_Plugin_Activation->install_plugins_page('')
#8 C:\xampp\htdocs\wp-includes\class-wp-hook.php(348): WP_Hook->apply_filters('', Array)
#9 C:\xampp\htdocs\wp-includes\plugin.php(517): WP_Hook->do_action(Array)
#10 C:\xampp\htdocs\wp-admin\admin.php(259): do_action('appearance_page...')
#11 C:\xampp\htdocs\wp-admin\themes.php(10): require_once('C:\\xampp\\htdocs...')
#12 {main}
  thrown in C:\xampp\htdocs\wp-admin\includes\class-bulk-upgrader-skin.php on line 162

2023-12-01T17:36:19+00:00 CRITICAL Uncaught ArgumentCountError: 3 arguments are required, 2 given in C:\xampp\htdocs\wp-admin\includes\class-bulk-upgrader-skin.php:162
Stack trace:
#0 C:\xampp\htdocs\wp-admin\includes\class-bulk-upgrader-skin.php(162): sprintf('%1$s installed ...', 'Nextend Social ...')
#1 C:\xampp\htdocs\wp-content\themes\flatsome\inc\classes\class-tgm-plugin-activation.php(3638): Bulk_Upgrader_Skin->after('Nextend Social ...')
#2 C:\xampp\htdocs\wp-admin\includes\class-wp-upgrader.php(921): TGMPA_Bulk_Installer_Skin->after()
#3 C:\xampp\htdocs\wp-content\themes\flatsome\inc\classes\class-tgm-plugin-activation.php(3258): WP_Upgrader->run(Array)
#4 C:\xampp\htdocs\wp-content\themes\flatsome\inc\classes\class-tgm-plugin-activation.php(3363): TGMPA_Bulk_Installer->run(Array)
#5 C:\xampp\htdocs\wp-content\themes\flatsome\inc\classes\class-tgm-plugin-activation.php(2977): TGMPA_Bulk_Installer->bulk_install(Array)
#6 C:\xampp\htdocs\wp-content\themes\flatsome\inc\classes\class-tgm-plugin-activation.php(743): TGMPA_List_Table->process_bulk_actions()
#7 C:\xampp\htdocs\wp-includes\class-wp-hook.php(324): TGM_Plugin_Activation->install_plugins_page('')
#8 C:\xampp\htdocs\wp-includes\class-wp-hook.php(348): WP_Hook->apply_filters('', Array)
#9 C:\xampp\htdocs\wp-includes\plugin.php(517): WP_Hook->do_action(Array)
#10 C:\xampp\htdocs\wp-admin\admin.php(259): do_action('appearance_page...')
#11 C:\xampp\htdocs\wp-admin\themes.php(10): require_once('C:\\xampp\\htdocs...')
#12 {main}
  thrown in C:\xampp\htdocs\wp-admin\includes\class-bulk-upgrader-skin.php on line 162

2023-12-01T17:36:40+00:00 CRITICAL Uncaught ArgumentCountError: 3 arguments are required, 2 given in C:\xampp\htdocs\wp-admin\includes\class-bulk-upgrader-skin.php:162
Stack trace:
#0 C:\xampp\htdocs\wp-admin\includes\class-bulk-upgrader-skin.php(162): sprintf('%1$s installed ...', 'Unlimited Sideb...')
#1 C:\xampp\htdocs\wp-content\themes\flatsome\inc\classes\class-tgm-plugin-activation.php(3638): Bulk_Upgrader_Skin->after('Unlimited Sideb...')
#2 C:\xampp\htdocs\wp-admin\includes\class-wp-upgrader.php(921): TGMPA_Bulk_Installer_Skin->after()
#3 C:\xampp\htdocs\wp-content\themes\flatsome\inc\classes\class-tgm-plugin-activation.php(3258): WP_Upgrader->run(Array)
#4 C:\xampp\htdocs\wp-content\themes\flatsome\inc\classes\class-tgm-plugin-activation.php(3363): TGMPA_Bulk_Installer->run(Array)
#5 C:\xampp\htdocs\wp-content\themes\flatsome\inc\classes\class-tgm-plugin-activation.php(2977): TGMPA_Bulk_Installer->bulk_install(Array)
#6 C:\xampp\htdocs\wp-content\themes\flatsome\inc\classes\class-tgm-plugin-activation.php(743): TGMPA_List_Table->process_bulk_actions()
#7 C:\xampp\htdocs\wp-includes\class-wp-hook.php(324): TGM_Plugin_Activation->install_plugins_page('')
#8 C:\xampp\htdocs\wp-includes\class-wp-hook.php(348): WP_Hook->apply_filters('', Array)
#9 C:\xampp\htdocs\wp-includes\plugin.php(517): WP_Hook->do_action(Array)
#10 C:\xampp\htdocs\wp-admin\admin.php(259): do_action('appearance_page...')
#11 C:\xampp\htdocs\wp-admin\themes.php(10): require_once('C:\\xampp\\htdocs...')
#12 {main}
  thrown in C:\xampp\htdocs\wp-admin\includes\class-bulk-upgrader-skin.php on line 162

2023-12-01T17:36:58+00:00 CRITICAL Uncaught ArgumentCountError: 3 arguments are required, 2 given in C:\xampp\htdocs\wp-admin\includes\class-bulk-upgrader-skin.php:162
Stack trace:
#0 C:\xampp\htdocs\wp-admin\includes\class-bulk-upgrader-skin.php(162): sprintf('%1$s installed ...', 'YITH WooCommerc...')
#1 C:\xampp\htdocs\wp-content\themes\flatsome\inc\classes\class-tgm-plugin-activation.php(3638): Bulk_Upgrader_Skin->after('YITH WooCommerc...')
#2 C:\xampp\htdocs\wp-admin\includes\class-wp-upgrader.php(921): TGMPA_Bulk_Installer_Skin->after()
#3 C:\xampp\htdocs\wp-content\themes\flatsome\inc\classes\class-tgm-plugin-activation.php(3258): WP_Upgrader->run(Array)
#4 C:\xampp\htdocs\wp-content\themes\flatsome\inc\classes\class-tgm-plugin-activation.php(3363): TGMPA_Bulk_Installer->run(Array)
#5 C:\xampp\htdocs\wp-content\themes\flatsome\inc\classes\class-tgm-plugin-activation.php(2977): TGMPA_Bulk_Installer->bulk_install(Array)
#6 C:\xampp\htdocs\wp-content\themes\flatsome\inc\classes\class-tgm-plugin-activation.php(743): TGMPA_List_Table->process_bulk_actions()
#7 C:\xampp\htdocs\wp-includes\class-wp-hook.php(324): TGM_Plugin_Activation->install_plugins_page('')
#8 C:\xampp\htdocs\wp-includes\class-wp-hook.php(348): WP_Hook->apply_filters('', Array)
#9 C:\xampp\htdocs\wp-includes\plugin.php(517): WP_Hook->do_action(Array)
#10 C:\xampp\htdocs\wp-admin\admin.php(259): do_action('appearance_page...')
#11 C:\xampp\htdocs\wp-admin\themes.php(10): require_once('C:\\xampp\\htdocs...')
#12 {main}
  thrown in C:\xampp\htdocs\wp-admin\includes\class-bulk-upgrader-skin.php on line 162

