2023-12-02T21:24:52+00:00 DEBUG POST: https://ads.tiktok.com/marketing_api/api/developer/app/create_auto_approve/

{"business_platform":"PROD","smb_id":"tt4b_woocommerce_656ba0a45f71ehttplocalhost8080wp-admin","smb_name":"PROD","redirect_url":"http:\/\/localhost:8080\/wp-admin\/"}
 ajax: no
2023-12-02T21:24:53+00:00 DEBUG Tt4b_Mapi_Class::create_open_source_app: Response: 

HTTP/1.1 200 OK
Server: TLB
Content-Type: application/json
X-Tt-Logid: 202312022124505EE3AA1E3D17963A8BE5,202312022124505EE3AA1E3D17963A8BE5
Strict-Transport-Security: max-age=31536000; includeSubDomains
Server-Timing: inner; dur=163
x-tt-trace-host: 01febd8afafef3aa055774f144ac63a4eeff17c4a8a359fbd6142d03804f228d48272dced0547c40e31188af829e1e9e2801aa76f0e19eac03834098797a6746ab7ac7a891a464953ce698edfef84de02c595bbe93cd0f296483fc4b66e0044c4a
Content-Encoding: gzip
Date: Sat, 02 Dec 2023 21:24:52 GMT
Content-Length: 203
X-Cache: TCP_MISS from a27-77-82-238.deploy.akamaitechnologies.com (AkamaiGHost/11.3.2.1-52518411) (-)
Connection: close
Vary: Accept-Encoding
x-tt-trace-tag: id=16;cdn-cache=miss;type=dyn
Server-Timing: cdn-cache; desc=MISS, edge; dur=3, origin; dur=211
X-Origin-Response-Time: 211,27.77.82.238
X-Akamai-Request-ID: 205c7c9

{"code":0,"msg":"ok","data":{"redirect_uri":"http:\/\/localhost:8080\/wp-admin\/","app_id":"7308111446674522113","app_secret":"c05079336c405c0cea6ca1237fceaee39b0fade1","external_data_key":"c4dcdd07-f7c4-4c45-82e2-5f933310d389"}}

